# JRE version: OpenJDK Runtime Environment (21.0.7) (fastdebug build 21.0.7-internal-adhoc.wenjie.jeandle-jdk)
# Java VM: OpenJDK 64-Bit Server VM (fastdebug 21.0.7-internal-adhoc.wenjie.jeandle-jdk, mixed mode, tiered, g1 gc, linux-amd64)
GC Precious Log:
 CardTable entry size: 512
 Card Set container configuration: InlinePtr #cards 4 size 8 Array Of Cards #cards 16 size 48 Howl #buckets 8 coarsen threshold 3686 Howl Bitmap #cards 512 size 80 coarsen threshold 460 Card regions per heap region 1 cards per card region 4096
 CPUs: 16 total, 16 available
 Memory: 12659M
 Large Page Support: Disabled
 NUMA Support: Disabled
 Compressed Oops: Disabled
 Heap Region Size: 2M
 Heap Min Capacity: 8M
 Heap Initial Capacity: 8M
 Heap Max Capacity: 3166M
 Pre-touch: Disabled
 Parallel Workers: 13
 Concurrent Workers: 3
 Concurrent Refinement Workers: 13
 Periodic GC: Disabled
Heap:
 garbage-first heap   total 69632K, used 16295K [0x00007a1d37200000, 0x00007a1dfd000000)
  region size 2048K, 6 young (12288K), 2 survivors (4096K)
 Metaspace       used 11463K, committed 11584K, reserved 65536K
GC Heap History (20 events):
Event: 1.760 GC heap before
{Heap before GC invocations=7 (full 0):
 garbage-first heap   total 16384K, used 7912K [0x00007a1d37200000, 0x00007a1dfd000000)
  region size 2048K, 4 young (8192K), 1 survivors (2048K)
 Metaspace       used 9909K, committed 9984K, reserved 65536K
}
Event: 1.769 GC heap after
{Heap after GC invocations=8 (full 0):
 garbage-first heap   total 16384K, used 1679K [0x00007a1d37200000, 0x00007a1dfd000000)
  region size 2048K, 1 young (2048K), 1 survivors (2048K)
 Metaspace       used 9909K, committed 9984K, reserved 65536K
}
Event: 1.811 GC heap before
{Heap before GC invocations=8 (full 0):
 garbage-first heap   total 16384K, used 7823K [0x00007a1d37200000, 0x00007a1dfd000000)
  region size 2048K, 4 young (8192K), 1 survivors (2048K)
 Metaspace       used 9909K, committed 9984K, reserved 65536K
}
Event: 1.819 GC heap after
{Heap after GC invocations=9 (full 0):
 garbage-first heap   total 16384K, used 1684K [0x00007a1d37200000, 0x00007a1dfd000000)
  region size 2048K, 1 young (2048K), 1 survivors (2048K)
 Metaspace       used 9909K, committed 9984K, reserved 65536K
}
Event: 1.854 GC heap before
{Heap before GC invocations=9 (full 0):
 garbage-first heap   total 16384K, used 7828K [0x00007a1d37200000, 0x00007a1dfd000000)
  region size 2048K, 4 young (8192K), 1 survivors (2048K)
 Metaspace       used 9909K, committed 9984K, reserved 65536K
}
Event: 1.863 GC heap after
{Heap after GC invocations=10 (full 0):
 garbage-first heap   total 38912K, used 1686K [0x00007a1d37200000, 0x00007a1dfd000000)
  region size 2048K, 1 young (2048K), 1 survivors (2048K)
 Metaspace       used 9909K, committed 9984K, reserved 65536K
}
Event: 3.450 GC heap before
{Heap before GC invocations=10 (full 0):
 garbage-first heap   total 38912K, used 22166K [0x00007a1d37200000, 0x00007a1dfd000000)
  region size 2048K, 11 young (22528K), 1 survivors (2048K)
 Metaspace       used 11297K, committed 11392K, reserved 65536K
}
Event: 3.464 GC heap after
{Heap after GC invocations=11 (full 0):
 garbage-first heap   total 38912K, used 3543K [0x00007a1d37200000, 0x00007a1dfd000000)
  region size 2048K, 2 young (4096K), 2 survivors (4096K)
 Metaspace       used 11297K, committed 11392K, reserved 65536K
}
Event: 4.488 GC heap before
{Heap before GC invocations=11 (full 0):
 garbage-first heap   total 38912K, used 21975K [0x00007a1d37200000, 0x00007a1dfd000000)
  region size 2048K, 11 young (22528K), 2 survivors (4096K)
 Metaspace       used 11297K, committed 11392K, reserved 65536K
}
Event: 4.507 GC heap after
{Heap after GC invocations=12 (full 0):
 garbage-first heap   total 38912K, used 5437K [0x00007a1d37200000, 0x00007a1dfd000000)
  region size 2048K, 2 young (4096K), 2 survivors (4096K)
 Metaspace       used 11297K, committed 11392K, reserved 65536K
}
Event: 4.992 GC heap before
{Heap before GC invocations=12 (full 0):
 garbage-first heap   total 38912K, used 23869K [0x00007a1d37200000, 0x00007a1dfd000000)
  region size 2048K, 11 young (22528K), 2 survivors (4096K)
 Metaspace       used 11448K, committed 11584K, reserved 65536K
}
Event: 5.008 GC heap after
{Heap after GC invocations=13 (full 0):
 garbage-first heap   total 38912K, used 6023K [0x00007a1d37200000, 0x00007a1dfd000000)
  region size 2048K, 2 young (4096K), 2 survivors (4096K)
 Metaspace       used 11448K, committed 11584K, reserved 65536K
}
Event: 5.387 GC heap before
{Heap before GC invocations=13 (full 0):
 garbage-first heap   total 38912K, used 22407K [0x00007a1d37200000, 0x00007a1dfd000000)
  region size 2048K, 11 young (22528K), 2 survivors (4096K)
 Metaspace       used 11448K, committed 11584K, reserved 65536K
}
Event: 5.400 GC heap after
{Heap after GC invocations=14 (full 0):
 garbage-first heap   total 38912K, used 7039K [0x00007a1d37200000, 0x00007a1dfd000000)
  region size 2048K, 1 young (2048K), 1 survivors (2048K)
 Metaspace       used 11448K, committed 11584K, reserved 65536K
}
Event: 5.820 GC heap before
{Heap before GC invocations=14 (full 0):
 garbage-first heap   total 38912K, used 25471K [0x00007a1d37200000, 0x00007a1dfd000000)
  region size 2048K, 11 young (22528K), 1 survivors (2048K)
 Metaspace       used 11448K, committed 11584K, reserved 65536K
}
Event: 5.831 GC heap after
{Heap after GC invocations=15 (full 0):
 garbage-first heap   total 69632K, used 7400K [0x00007a1d37200000, 0x00007a1dfd000000)
  region size 2048K, 1 young (2048K), 1 survivors (2048K)
 Metaspace       used 11448K, committed 11584K, reserved 65536K
}
Event: 6.692 GC heap before
{Heap before GC invocations=15 (full 0):
 garbage-first heap   total 69632K, used 44264K [0x00007a1d37200000, 0x00007a1dfd000000)
  region size 2048K, 20 young (40960K), 1 survivors (2048K)
 Metaspace       used 11448K, committed 11584K, reserved 65536K
}
Event: 6.708 GC heap after
{Heap after GC invocations=16 (full 0):
 garbage-first heap   total 69632K, used 9145K [0x00007a1d37200000, 0x00007a1dfd000000)
  region size 2048K, 2 young (4096K), 2 survivors (4096K)
 Metaspace       used 11448K, committed 11584K, reserved 65536K
}
Event: 7.597 GC heap before
{Heap before GC invocations=16 (full 0):
 garbage-first heap   total 69632K, used 46009K [0x00007a1d37200000, 0x00007a1dfd000000)
  region size 2048K, 20 young (40960K), 2 survivors (4096K)
 Metaspace       used 11448K, committed 11584K, reserved 65536K
}
Event: 7.619 GC heap after
{Heap after GC invocations=17 (full 0):
 garbage-first heap   total 69632K, used 10151K [0x00007a1d37200000, 0x00007a1dfd000000)
  region size 2048K, 2 young (4096K), 2 survivors (4096K)
 Metaspace       used 11448K, committed 11584K, reserved 65536K
}

